[ pid=13384 thr=-608687908 file=utils.rb:176 time=2011-04-25 20:07:49.738 ]: *** Exception PhusionPassenger::UnknownError in PhusionPassenger::ClassicRails::ApplicationSpawner (no such file to load -- chronic (MissingSourceFile)) (process 13384, thread #<Thread:0xb77051b8>):
	from /home/sarang/.rvm/rubies/ruby-1.8.7-p334/lib/ruby/site_ruby/1.8/rubygems/custom_require.rb:36:in `gem_original_require'
	from /home/sarang/.rvm/rubies/ruby-1.8.7-p334/lib/ruby/site_ruby/1.8/rubygems/custom_require.rb:36:in `require'
	from /home/sarang/prj/central/vendor/rails/activesupport/lib/active_support/dependencies.rb:153:in `require'
	from /home/sarang/prj/central/vendor/rails/activesupport/lib/active_support/dependencies.rb:521:in `new_constants_in'
	from /home/sarang/prj/central/vendor/rails/activesupport/lib/active_support/dependencies.rb:153:in `require'
	from /home/sarang/prj/central/vendor/plugins/ultrasphinx/lib/ultrasphinx.rb:3
	from /home/sarang/.rvm/rubies/ruby-1.8.7-p334/lib/ruby/site_ruby/1.8/rubygems/custom_require.rb:36:in `gem_original_require'
	from /home/sarang/.rvm/rubies/ruby-1.8.7-p334/lib/ruby/site_ruby/1.8/rubygems/custom_require.rb:36:in `require'
	from /home/sarang/prj/central/vendor/rails/activesupport/lib/active_support/dependencies.rb:153:in `require'
	from /home/sarang/prj/central/vendor/rails/activesupport/lib/active_support/dependencies.rb:521:in `new_constants_in'
	from /home/sarang/prj/central/vendor/rails/activesupport/lib/active_support/dependencies.rb:153:in `require'
	from /home/sarang/prj/central/vendor/plugins/ultrasphinx/init.rb:2:in `evaluate_init_rb'
	from /home/sarang/prj/central/vendor/rails/railties/lib/rails/plugin.rb:103:in `evaluate_init_rb'
	from /home/sarang/prj/central/vendor/rails/activesupport/lib/active_support/core_ext/kernel/reporting.rb:11:in `silence_warnings'
	from /home/sarang/prj/central/vendor/rails/railties/lib/rails/plugin.rb:99:in `evaluate_init_rb'
	from /home/sarang/prj/central/vendor/rails/railties/lib/rails/plugin.rb:44:in `load'
	from /home/sarang/prj/central/vendor/rails/railties/lib/rails/plugin/loader.rb:33:in `load_plugins'
	from /home/sarang/prj/central/vendor/rails/railties/lib/rails/plugin/loader.rb:32:in `each'
	from /home/sarang/prj/central/vendor/rails/railties/lib/rails/plugin/loader.rb:32:in `load_plugins'
	from /home/sarang/prj/central/vendor/rails/railties/lib/initializer.rb:323:in `load_plugins'
	from /home/sarang/prj/central/vendor/rails/railties/lib/initializer.rb:160:in `process'
	from /home/sarang/prj/central/vendor/rails/railties/lib/initializer.rb:112:in `send'
	from /home/sarang/prj/central/vendor/rails/railties/lib/initializer.rb:112:in `run'
	from /home/sarang/prj/central/config/environment.rb:14
	from /home/sarang/.rvm/rubies/ruby-1.8.7-p334/lib/ruby/site_ruby/1.8/rubygems/custom_require.rb:36:in `gem_original_require'
	from /home/sarang/.rvm/rubies/ruby-1.8.7-p334/lib/ruby/site_ruby/1.8/rubygems/custom_require.rb:36:in `require'
	from /home/sarang/.passenger/standalone/3.0.7-x86-ruby1.8.7-linux-gcc4.4.5-1002/support/lib/phusion_passenger/classic_rails/application_spawner.rb:222:in `preload_application'
	from /home/sarang/.passenger/standalone/3.0.7-x86-ruby1.8.7-linux-gcc4.4.5-1002/support/lib/phusion_passenger/classic_rails/application_spawner.rb:181:in `initialize_server'
	from /home/sarang/.passenger/standalone/3.0.7-x86-ruby1.8.7-linux-gcc4.4.5-1002/support/lib/phusion_passenger/utils.rb:572:in `report_app_init_status'
	from /home/sarang/.passenger/standalone/3.0.7-x86-ruby1.8.7-linux-gcc4.4.5-1002/support/lib/phusion_passenger/classic_rails/application_spawner.rb:174:in `initialize_server'
	from /home/sarang/.passenger/standalone/3.0.7-x86-ruby1.8.7-linux-gcc4.4.5-1002/support/lib/phusion_passenger/abstract_server.rb:204:in `start_synchronously'
	from /home/sarang/.passenger/standalone/3.0.7-x86-ruby1.8.7-linux-gcc4.4.5-1002/support/lib/phusion_passenger/abstract_server.rb:180:in `start'
	from /home/sarang/.passenger/standalone/3.0.7-x86-ruby1.8.7-linux-gcc4.4.5-1002/support/lib/phusion_passenger/classic_rails/application_spawner.rb:149:in `start'
	from /home/sarang/.passenger/standalone/3.0.7-x86-ruby1.8.7-linux-gcc4.4.5-1002/support/lib/phusion_passenger/spawn_manager.rb:219:in `spawn_rails_application'
	from /home/sarang/.passenger/standalone/3.0.7-x86-ruby1.8.7-linux-gcc4.4.5-1002/support/lib/phusion_passenger/abstract_server_collection.rb:132:in `lookup_or_add'
	from /home/sarang/.passenger/standalone/3.0.7-x86-ruby1.8.7-linux-gcc4.4.5-1002/support/lib/phusion_passenger/spawn_manager.rb:214:in `spawn_rails_application'
	from /home/sarang/.passenger/standalone/3.0.7-x86-ruby1.8.7-linux-gcc4.4.5-1002/support/lib/phusion_passenger/abstract_server_collection.rb:82:in `synchronize'
	from /home/sarang/.passenger/standalone/3.0.7-x86-ruby1.8.7-linux-gcc4.4.5-1002/support/lib/phusion_passenger/abstract_server_collection.rb:79:in `synchronize'
	from /home/sarang/.passenger/standalone/3.0.7-x86-ruby1.8.7-linux-gcc4.4.5-1002/support/lib/phusion_passenger/spawn_manager.rb:213:in `spawn_rails_application'
	from /home/sarang/.passenger/standalone/3.0.7-x86-ruby1.8.7-linux-gcc4.4.5-1002/support/lib/phusion_passenger/spawn_manager.rb:132:in `spawn_application'
	from /home/sarang/.passenger/standalone/3.0.7-x86-ruby1.8.7-linux-gcc4.4.5-1002/support/lib/phusion_passenger/spawn_manager.rb:275:in `handle_spawn_application'
	from /home/sarang/.passenger/standalone/3.0.7-x86-ruby1.8.7-linux-gcc4.4.5-1002/support/lib/phusion_passenger/abstract_server.rb:357:in `__send__'
	from /home/sarang/.passenger/standalone/3.0.7-x86-ruby1.8.7-linux-gcc4.4.5-1002/support/lib/phusion_passenger/abstract_server.rb:357:in `server_main_loop'
	from /home/sarang/.passenger/standalone/3.0.7-x86-ruby1.8.7-linux-gcc4.4.5-1002/support/lib/phusion_passenger/abstract_server.rb:206:in `start_synchronously'
	from /home/sarang/.passenger/standalone/3.0.7-x86-ruby1.8.7-linux-gcc4.4.5-1002/support/helper-scripts/passenger-spawn-server:99
[ pid=13382 thr=3069184880 file=ext/nginx/HelperAgent.cpp:584 time=2011-04-25 20:07:49.844 ]: Uncaught exception in PassengerServer client thread:
   exception: write() failed: Broken pipe (32)
   backtrace:
     in 'void Client::handleRequest(Passenger::FileDescriptor&)' (HelperAgent.cpp:479)
     in 'void Client::threadMain()' (HelperAgent.cpp:603)

[ pid=13384 thr=-608687908 file=utils.rb:176 time=2011-04-25 20:08:33.491 ]: *** Exception PhusionPassenger::UnknownError in PhusionPassenger::ClassicRails::ApplicationSpawner (no such file to load -- chronic (MissingSourceFile)) (process 13384, thread #<Thread:0xb77051b8>):
	from /home/sarang/.rvm/rubies/ruby-1.8.7-p334/lib/ruby/site_ruby/1.8/rubygems/custom_require.rb:36:in `gem_original_require'
	from /home/sarang/.rvm/rubies/ruby-1.8.7-p334/lib/ruby/site_ruby/1.8/rubygems/custom_require.rb:36:in `require'
	from /home/sarang/prj/central/vendor/rails/activesupport/lib/active_support/dependencies.rb:153:in `require'
	from /home/sarang/prj/central/vendor/rails/activesupport/lib/active_support/dependencies.rb:521:in `new_constants_in'
	from /home/sarang/prj/central/vendor/rails/activesupport/lib/active_support/dependencies.rb:153:in `require'
	from /home/sarang/prj/central/vendor/plugins/ultrasphinx/lib/ultrasphinx.rb:3
	from /home/sarang/.rvm/rubies/ruby-1.8.7-p334/lib/ruby/site_ruby/1.8/rubygems/custom_require.rb:36:in `gem_original_require'
	from /home/sarang/.rvm/rubies/ruby-1.8.7-p334/lib/ruby/site_ruby/1.8/rubygems/custom_require.rb:36:in `require'
	from /home/sarang/prj/central/vendor/rails/activesupport/lib/active_support/dependencies.rb:153:in `require'
	from /home/sarang/prj/central/vendor/rails/activesupport/lib/active_support/dependencies.rb:521:in `new_constants_in'
	from /home/sarang/prj/central/vendor/rails/activesupport/lib/active_support/dependencies.rb:153:in `require'
	from /home/sarang/prj/central/vendor/plugins/ultrasphinx/init.rb:2:in `evaluate_init_rb'
	from /home/sarang/prj/central/vendor/rails/railties/lib/rails/plugin.rb:103:in `evaluate_init_rb'
	from /home/sarang/prj/central/vendor/rails/activesupport/lib/active_support/core_ext/kernel/reporting.rb:11:in `silence_warnings'
	from /home/sarang/prj/central/vendor/rails/railties/lib/rails/plugin.rb:99:in `evaluate_init_rb'
	from /home/sarang/prj/central/vendor/rails/railties/lib/rails/plugin.rb:44:in `load'
	from /home/sarang/prj/central/vendor/rails/railties/lib/rails/plugin/loader.rb:33:in `load_plugins'
	from /home/sarang/prj/central/vendor/rails/railties/lib/rails/plugin/loader.rb:32:in `each'
	from /home/sarang/prj/central/vendor/rails/railties/lib/rails/plugin/loader.rb:32:in `load_plugins'
	from /home/sarang/prj/central/vendor/rails/railties/lib/initializer.rb:323:in `load_plugins'
	from /home/sarang/prj/central/vendor/rails/railties/lib/initializer.rb:160:in `process'
	from /home/sarang/prj/central/vendor/rails/railties/lib/initializer.rb:112:in `send'
	from /home/sarang/prj/central/vendor/rails/railties/lib/initializer.rb:112:in `run'
	from /home/sarang/prj/central/config/environment.rb:14
	from /home/sarang/.rvm/rubies/ruby-1.8.7-p334/lib/ruby/site_ruby/1.8/rubygems/custom_require.rb:36:in `gem_original_require'
	from /home/sarang/.rvm/rubies/ruby-1.8.7-p334/lib/ruby/site_ruby/1.8/rubygems/custom_require.rb:36:in `require'
	from /home/sarang/.passenger/standalone/3.0.7-x86-ruby1.8.7-linux-gcc4.4.5-1002/support/lib/phusion_passenger/classic_rails/application_spawner.rb:222:in `preload_application'
	from /home/sarang/.passenger/standalone/3.0.7-x86-ruby1.8.7-linux-gcc4.4.5-1002/support/lib/phusion_passenger/classic_rails/application_spawner.rb:181:in `initialize_server'
	from /home/sarang/.passenger/standalone/3.0.7-x86-ruby1.8.7-linux-gcc4.4.5-1002/support/lib/phusion_passenger/utils.rb:572:in `report_app_init_status'
	from /home/sarang/.passenger/standalone/3.0.7-x86-ruby1.8.7-linux-gcc4.4.5-1002/support/lib/phusion_passenger/classic_rails/application_spawner.rb:174:in `initialize_server'
	from /home/sarang/.passenger/standalone/3.0.7-x86-ruby1.8.7-linux-gcc4.4.5-1002/support/lib/phusion_passenger/abstract_server.rb:204:in `start_synchronously'
	from /home/sarang/.passenger/standalone/3.0.7-x86-ruby1.8.7-linux-gcc4.4.5-1002/support/lib/phusion_passenger/abstract_server.rb:180:in `start'
	from /home/sarang/.passenger/standalone/3.0.7-x86-ruby1.8.7-linux-gcc4.4.5-1002/support/lib/phusion_passenger/classic_rails/application_spawner.rb:149:in `start'
	from /home/sarang/.passenger/standalone/3.0.7-x86-ruby1.8.7-linux-gcc4.4.5-1002/support/lib/phusion_passenger/spawn_manager.rb:219:in `spawn_rails_application'
	from /home/sarang/.passenger/standalone/3.0.7-x86-ruby1.8.7-linux-gcc4.4.5-1002/support/lib/phusion_passenger/abstract_server_collection.rb:132:in `lookup_or_add'
	from /home/sarang/.passenger/standalone/3.0.7-x86-ruby1.8.7-linux-gcc4.4.5-1002/support/lib/phusion_passenger/spawn_manager.rb:214:in `spawn_rails_application'
	from /home/sarang/.passenger/standalone/3.0.7-x86-ruby1.8.7-linux-gcc4.4.5-1002/support/lib/phusion_passenger/abstract_server_collection.rb:82:in `synchronize'
	from /home/sarang/.passenger/standalone/3.0.7-x86-ruby1.8.7-linux-gcc4.4.5-1002/support/lib/phusion_passenger/abstract_server_collection.rb:79:in `synchronize'
	from /home/sarang/.passenger/standalone/3.0.7-x86-ruby1.8.7-linux-gcc4.4.5-1002/support/lib/phusion_passenger/spawn_manager.rb:213:in `spawn_rails_application'
	from /home/sarang/.passenger/standalone/3.0.7-x86-ruby1.8.7-linux-gcc4.4.5-1002/support/lib/phusion_passenger/spawn_manager.rb:132:in `spawn_application'
	from /home/sarang/.passenger/standalone/3.0.7-x86-ruby1.8.7-linux-gcc4.4.5-1002/support/lib/phusion_passenger/spawn_manager.rb:275:in `handle_spawn_application'
	from /home/sarang/.passenger/standalone/3.0.7-x86-ruby1.8.7-linux-gcc4.4.5-1002/support/lib/phusion_passenger/abstract_server.rb:357:in `__send__'
	from /home/sarang/.passenger/standalone/3.0.7-x86-ruby1.8.7-linux-gcc4.4.5-1002/support/lib/phusion_passenger/abstract_server.rb:357:in `server_main_loop'
	from /home/sarang/.passenger/standalone/3.0.7-x86-ruby1.8.7-linux-gcc4.4.5-1002/support/lib/phusion_passenger/abstract_server.rb:206:in `start_synchronously'
	from /home/sarang/.passenger/standalone/3.0.7-x86-ruby1.8.7-linux-gcc4.4.5-1002/support/helper-scripts/passenger-spawn-server:99
!!! The bundled mysql.rb driver has been removed from Rails 2.2. Please install the mysql gem and try again: gem install mysql.
[ pid=13495 thr=-608208678 file=utils.rb:176 time=2011-04-25 20:09:27.440 ]: *** Exception PhusionPassenger::UnknownError in PhusionPassenger::ClassicRails::ApplicationSpawner (no such file to load -- mysql (MissingSourceFile)) (process 13495, thread #<Thread:0xb77ef1b4>):
	from /home/sarang/.rvm/rubies/ruby-1.8.7-p334/lib/ruby/site_ruby/1.8/rubygems/custom_require.rb:36:in `gem_original_require'
	from /home/sarang/.rvm/rubies/ruby-1.8.7-p334/lib/ruby/site_ruby/1.8/rubygems/custom_require.rb:36:in `require'
	from /home/sarang/prj/central/vendor/rails/activesupport/lib/active_support/dependencies.rb:153:in `require'
	from /home/sarang/prj/central/vendor/rails/activesupport/lib/active_support/dependencies.rb:521:in `new_constants_in'
	from /home/sarang/prj/central/vendor/rails/activesupport/lib/active_support/dependencies.rb:153:in `require'
	from /home/sarang/prj/central/vendor/rails/activesupport/lib/active_support/core_ext/kernel/requires.rb:7:in `require_library_or_gem'
	from /home/sarang/prj/central/vendor/rails/activesupport/lib/active_support/core_ext/kernel/reporting.rb:11:in `silence_warnings'
	from /home/sarang/prj/central/vendor/rails/activesupport/lib/active_support/core_ext/kernel/requires.rb:5:in `require_library_or_gem'
	from /home/sarang/prj/central/vendor/rails/activerecord/lib/active_record/connection_adapters/mysql_adapter.rb:63:in `mysql_connection'
	from /home/sarang/prj/central/vendor/rails/activerecord/lib/active_record/connection_adapters/abstract/connection_pool.rb:223:in `send'
	from /home/sarang/prj/central/vendor/rails/activerecord/lib/active_record/connection_adapters/abstract/connection_pool.rb:223:in `new_connection'
	from /home/sarang/prj/central/vendor/rails/activerecord/lib/active_record/connection_adapters/abstract/connection_pool.rb:245:in `checkout_new_connection'
	from /home/sarang/prj/central/vendor/rails/activerecord/lib/active_record/connection_adapters/abstract/connection_pool.rb:188:in `checkout'
	from /home/sarang/prj/central/vendor/rails/activerecord/lib/active_record/connection_adapters/abstract/connection_pool.rb:184:in `loop'
	from /home/sarang/prj/central/vendor/rails/activerecord/lib/active_record/connection_adapters/abstract/connection_pool.rb:184:in `checkout'
	from /home/sarang/.rvm/rubies/ruby-1.8.7-p334/lib/ruby/1.8/monitor.rb:242:in `synchronize'
	from /home/sarang/prj/central/vendor/rails/activerecord/lib/active_record/connection_adapters/abstract/connection_pool.rb:183:in `checkout'
	from /home/sarang/prj/central/vendor/rails/activerecord/lib/active_record/connection_adapters/abstract/connection_pool.rb:98:in `connection'
	from /home/sarang/prj/central/vendor/rails/activerecord/lib/active_record/connection_adapters/abstract/connection_pool.rb:326:in `retrieve_connection'
	from /home/sarang/prj/central/vendor/rails/activerecord/lib/active_record/connection_adapters/abstract/connection_specification.rb:121:in `retrieve_connection'
	from /home/sarang/prj/central/vendor/rails/activerecord/lib/active_record/connection_adapters/abstract/connection_specification.rb:113:in `connection'
	from /home/sarang/prj/central/vendor/plugins/ultrasphinx/lib/ultrasphinx/ultrasphinx.rb:92
	from /home/sarang/.rvm/rubies/ruby-1.8.7-p334/lib/ruby/site_ruby/1.8/rubygems/custom_require.rb:36:in `gem_original_require'
	from /home/sarang/.rvm/rubies/ruby-1.8.7-p334/lib/ruby/site_ruby/1.8/rubygems/custom_require.rb:36:in `require'
	from /home/sarang/prj/central/vendor/rails/activesupport/lib/active_support/dependencies.rb:153:in `require'
	from /home/sarang/prj/central/vendor/rails/activesupport/lib/active_support/dependencies.rb:521:in `new_constants_in'
	from /home/sarang/prj/central/vendor/rails/activesupport/lib/active_support/dependencies.rb:153:in `require'
	from /home/sarang/prj/central/vendor/plugins/ultrasphinx/lib/ultrasphinx.rb:15
	from /home/sarang/.rvm/rubies/ruby-1.8.7-p334/lib/ruby/site_ruby/1.8/rubygems/custom_require.rb:36:in `gem_original_require'
	from /home/sarang/.rvm/rubies/ruby-1.8.7-p334/lib/ruby/site_ruby/1.8/rubygems/custom_require.rb:36:in `require'
	from /home/sarang/prj/central/vendor/rails/activesupport/lib/active_support/dependencies.rb:153:in `require'
	from /home/sarang/prj/central/vendor/rails/activesupport/lib/active_support/dependencies.rb:521:in `new_constants_in'
	from /home/sarang/prj/central/vendor/rails/activesupport/lib/active_support/dependencies.rb:153:in `require'
	from /home/sarang/prj/central/vendor/plugins/ultrasphinx/init.rb:2:in `evaluate_init_rb'
	from /home/sarang/prj/central/vendor/rails/railties/lib/rails/plugin.rb:103:in `evaluate_init_rb'
	from /home/sarang/prj/central/vendor/rails/activesupport/lib/active_support/core_ext/kernel/reporting.rb:11:in `silence_warnings'
	from /home/sarang/prj/central/vendor/rails/railties/lib/rails/plugin.rb:99:in `evaluate_init_rb'
	from /home/sarang/prj/central/vendor/rails/railties/lib/rails/plugin.rb:44:in `load'
	from /home/sarang/prj/central/vendor/rails/railties/lib/rails/plugin/loader.rb:33:in `load_plugins'
	from /home/sarang/prj/central/vendor/rails/railties/lib/rails/plugin/loader.rb:32:in `each'
	from /home/sarang/prj/central/vendor/rails/railties/lib/rails/plugin/loader.rb:32:in `load_plugins'
	from /home/sarang/prj/central/vendor/rails/railties/lib/initializer.rb:323:in `load_plugins'
	from /home/sarang/prj/central/vendor/rails/railties/lib/initializer.rb:160:in `process'
	from /home/sarang/prj/central/vendor/rails/railties/lib/initializer.rb:112:in `send'
	from /home/sarang/prj/central/vendor/rails/railties/lib/initializer.rb:112:in `run'
	from /home/sarang/prj/central/config/environment.rb:14
	from /home/sarang/.rvm/rubies/ruby-1.8.7-p334/lib/ruby/site_ruby/1.8/rubygems/custom_require.rb:36:in `gem_original_require'
	from /home/sarang/.rvm/rubies/ruby-1.8.7-p334/lib/ruby/site_ruby/1.8/rubygems/custom_require.rb:36:in `require'
	from /home/sarang/.passenger/standalone/3.0.7-x86-ruby1.8.7-linux-gcc4.4.5-1002/support/lib/phusion_passenger/classic_rails/application_spawner.rb:222:in `preload_application'
	from /home/sarang/.passenger/standalone/3.0.7-x86-ruby1.8.7-linux-gcc4.4.5-1002/support/lib/phusion_passenger/classic_rails/application_spawner.rb:181:in `initialize_server'
	from /home/sarang/.passenger/standalone/3.0.7-x86-ruby1.8.7-linux-gcc4.4.5-1002/support/lib/phusion_passenger/utils.rb:572:in `report_app_init_status'
	from /home/sarang/.passenger/standalone/3.0.7-x86-ruby1.8.7-linux-gcc4.4.5-1002/support/lib/phusion_passenger/classic_rails/application_spawner.rb:174:in `initialize_server'
	from /home/sarang/.passenger/standalone/3.0.7-x86-ruby1.8.7-linux-gcc4.4.5-1002/support/lib/phusion_passenger/abstract_server.rb:204:in `start_synchronously'
	from /home/sarang/.passenger/standalone/3.0.7-x86-ruby1.8.7-linux-gcc4.4.5-1002/support/lib/phusion_passenger/abstract_server.rb:180:in `start'
	from /home/sarang/.passenger/standalone/3.0.7-x86-ruby1.8.7-linux-gcc4.4.5-1002/support/lib/phusion_passenger/classic_rails/application_spawner.rb:149:in `start'
	from /home/sarang/.passenger/standalone/3.0.7-x86-ruby1.8.7-linux-gcc4.4.5-1002/support/lib/phusion_passenger/spawn_manager.rb:219:in `spawn_rails_application'
	from /home/sarang/.passenger/standalone/3.0.7-x86-ruby1.8.7-linux-gcc4.4.5-1002/support/lib/phusion_passenger/abstract_server_collection.rb:132:in `lookup_or_add'
	from /home/sarang/.passenger/standalone/3.0.7-x86-ruby1.8.7-linux-gcc4.4.5-1002/support/lib/phusion_passenger/spawn_manager.rb:214:in `spawn_rails_application'
	from /home/sarang/.passenger/standalone/3.0.7-x86-ruby1.8.7-linux-gcc4.4.5-1002/support/lib/phusion_passenger/abstract_server_collection.rb:82:in `synchronize'
	from /home/sarang/.passenger/standalone/3.0.7-x86-ruby1.8.7-linux-gcc4.4.5-1002/support/lib/phusion_passenger/abstract_server_collection.rb:79:in `synchronize'
	from /home/sarang/.passenger/standalone/3.0.7-x86-ruby1.8.7-linux-gcc4.4.5-1002/support/lib/phusion_passenger/spawn_manager.rb:213:in `spawn_rails_application'
	from /home/sarang/.passenger/standalone/3.0.7-x86-ruby1.8.7-linux-gcc4.4.5-1002/support/lib/phusion_passenger/spawn_manager.rb:132:in `spawn_application'
	from /home/sarang/.passenger/standalone/3.0.7-x86-ruby1.8.7-linux-gcc4.4.5-1002/support/lib/phusion_passenger/spawn_manager.rb:275:in `handle_spawn_application'
	from /home/sarang/.passenger/standalone/3.0.7-x86-ruby1.8.7-linux-gcc4.4.5-1002/support/lib/phusion_passenger/abstract_server.rb:357:in `__send__'
	from /home/sarang/.passenger/standalone/3.0.7-x86-ruby1.8.7-linux-gcc4.4.5-1002/support/lib/phusion_passenger/abstract_server.rb:357:in `server_main_loop'
	from /home/sarang/.passenger/standalone/3.0.7-x86-ruby1.8.7-linux-gcc4.4.5-1002/support/lib/phusion_passenger/abstract_server.rb:206:in `start_synchronously'
	from /home/sarang/.passenger/standalone/3.0.7-x86-ruby1.8.7-linux-gcc4.4.5-1002/support/helper-scripts/passenger-spawn-server:99
[ pid=13493 thr=3070430064 file=ext/nginx/HelperAgent.cpp:584 time=2011-04-25 20:09:27.546 ]: Uncaught exception in PassengerServer client thread:
   exception: write() failed: Broken pipe (32)
   backtrace:
     in 'void Client::handleRequest(Passenger::FileDescriptor&)' (HelperAgent.cpp:479)
     in 'void Client::threadMain()' (HelperAgent.cpp:603)

!!! The bundled mysql.rb driver has been removed from Rails 2.2. Please install the mysql gem and try again: gem install mysql.
[ pid=13495 thr=-608208678 file=utils.rb:176 time=2011-04-25 20:09:28.642 ]: *** Exception PhusionPassenger::UnknownError in PhusionPassenger::ClassicRails::ApplicationSpawner (no such file to load -- mysql (MissingSourceFile)) (process 13495, thread #<Thread:0xb77ef1b4>):
	from /home/sarang/.rvm/rubies/ruby-1.8.7-p334/lib/ruby/site_ruby/1.8/rubygems/custom_require.rb:36:in `gem_original_require'
	from /home/sarang/.rvm/rubies/ruby-1.8.7-p334/lib/ruby/site_ruby/1.8/rubygems/custom_require.rb:36:in `require'
	from /home/sarang/prj/central/vendor/rails/activesupport/lib/active_support/dependencies.rb:153:in `require'
	from /home/sarang/prj/central/vendor/rails/activesupport/lib/active_support/dependencies.rb:521:in `new_constants_in'
	from /home/sarang/prj/central/vendor/rails/activesupport/lib/active_support/dependencies.rb:153:in `require'
	from /home/sarang/prj/central/vendor/rails/activesupport/lib/active_support/core_ext/kernel/requires.rb:7:in `require_library_or_gem'
	from /home/sarang/prj/central/vendor/rails/activesupport/lib/active_support/core_ext/kernel/reporting.rb:11:in `silence_warnings'
	from /home/sarang/prj/central/vendor/rails/activesupport/lib/active_support/core_ext/kernel/requires.rb:5:in `require_library_or_gem'
	from /home/sarang/prj/central/vendor/rails/activerecord/lib/active_record/connection_adapters/mysql_adapter.rb:63:in `mysql_connection'
	from /home/sarang/prj/central/vendor/rails/activerecord/lib/active_record/connection_adapters/abstract/connection_pool.rb:223:in `send'
	from /home/sarang/prj/central/vendor/rails/activerecord/lib/active_record/connection_adapters/abstract/connection_pool.rb:223:in `new_connection'
	from /home/sarang/prj/central/vendor/rails/activerecord/lib/active_record/connection_adapters/abstract/connection_pool.rb:245:in `checkout_new_connection'
	from /home/sarang/prj/central/vendor/rails/activerecord/lib/active_record/connection_adapters/abstract/connection_pool.rb:188:in `checkout'
	from /home/sarang/prj/central/vendor/rails/activerecord/lib/active_record/connection_adapters/abstract/connection_pool.rb:184:in `loop'
	from /home/sarang/prj/central/vendor/rails/activerecord/lib/active_record/connection_adapters/abstract/connection_pool.rb:184:in `checkout'
	from /home/sarang/.rvm/rubies/ruby-1.8.7-p334/lib/ruby/1.8/monitor.rb:242:in `synchronize'
	from /home/sarang/prj/central/vendor/rails/activerecord/lib/active_record/connection_adapters/abstract/connection_pool.rb:183:in `checkout'
	from /home/sarang/prj/central/vendor/rails/activerecord/lib/active_record/connection_adapters/abstract/connection_pool.rb:98:in `connection'
	from /home/sarang/prj/central/vendor/rails/activerecord/lib/active_record/connection_adapters/abstract/connection_pool.rb:326:in `retrieve_connection'
	from /home/sarang/prj/central/vendor/rails/activerecord/lib/active_record/connection_adapters/abstract/connection_specification.rb:121:in `retrieve_connection'
	from /home/sarang/prj/central/vendor/rails/activerecord/lib/active_record/connection_adapters/abstract/connection_specification.rb:113:in `connection'
	from /home/sarang/prj/central/vendor/plugins/ultrasphinx/lib/ultrasphinx/ultrasphinx.rb:92
	from /home/sarang/.rvm/rubies/ruby-1.8.7-p334/lib/ruby/site_ruby/1.8/rubygems/custom_require.rb:36:in `gem_original_require'
	from /home/sarang/.rvm/rubies/ruby-1.8.7-p334/lib/ruby/site_ruby/1.8/rubygems/custom_require.rb:36:in `require'
	from /home/sarang/prj/central/vendor/rails/activesupport/lib/active_support/dependencies.rb:153:in `require'
	from /home/sarang/prj/central/vendor/rails/activesupport/lib/active_support/dependencies.rb:521:in `new_constants_in'
	from /home/sarang/prj/central/vendor/rails/activesupport/lib/active_support/dependencies.rb:153:in `require'
	from /home/sarang/prj/central/vendor/plugins/ultrasphinx/lib/ultrasphinx.rb:15
	from /home/sarang/.rvm/rubies/ruby-1.8.7-p334/lib/ruby/site_ruby/1.8/rubygems/custom_require.rb:36:in `gem_original_require'
	from /home/sarang/.rvm/rubies/ruby-1.8.7-p334/lib/ruby/site_ruby/1.8/rubygems/custom_require.rb:36:in `require'
	from /home/sarang/prj/central/vendor/rails/activesupport/lib/active_support/dependencies.rb:153:in `require'
	from /home/sarang/prj/central/vendor/rails/activesupport/lib/active_support/dependencies.rb:521:in `new_constants_in'
	from /home/sarang/prj/central/vendor/rails/activesupport/lib/active_support/dependencies.rb:153:in `require'
	from /home/sarang/prj/central/vendor/plugins/ultrasphinx/init.rb:2:in `evaluate_init_rb'
	from /home/sarang/prj/central/vendor/rails/railties/lib/rails/plugin.rb:103:in `evaluate_init_rb'
	from /home/sarang/prj/central/vendor/rails/activesupport/lib/active_support/core_ext/kernel/reporting.rb:11:in `silence_warnings'
	from /home/sarang/prj/central/vendor/rails/railties/lib/rails/plugin.rb:99:in `evaluate_init_rb'
	from /home/sarang/prj/central/vendor/rails/railties/lib/rails/plugin.rb:44:in `load'
	from /home/sarang/prj/central/vendor/rails/railties/lib/rails/plugin/loader.rb:33:in `load_plugins'
	from /home/sarang/prj/central/vendor/rails/railties/lib/rails/plugin/loader.rb:32:in `each'
	from /home/sarang/prj/central/vendor/rails/railties/lib/rails/plugin/loader.rb:32:in `load_plugins'
	from /home/sarang/prj/central/vendor/rails/railties/lib/initializer.rb:323:in `load_plugins'
	from /home/sarang/prj/central/vendor/rails/railties/lib/initializer.rb:160:in `process'
	from /home/sarang/prj/central/vendor/rails/railties/lib/initializer.rb:112:in `send'
	from /home/sarang/prj/central/vendor/rails/railties/lib/initializer.rb:112:in `run'
	from /home/sarang/prj/central/config/environment.rb:14
	from /home/sarang/.rvm/rubies/ruby-1.8.7-p334/lib/ruby/site_ruby/1.8/rubygems/custom_require.rb:36:in `gem_original_require'
	from /home/sarang/.rvm/rubies/ruby-1.8.7-p334/lib/ruby/site_ruby/1.8/rubygems/custom_require.rb:36:in `require'
	from /home/sarang/.passenger/standalone/3.0.7-x86-ruby1.8.7-linux-gcc4.4.5-1002/support/lib/phusion_passenger/classic_rails/application_spawner.rb:222:in `preload_application'
	from /home/sarang/.passenger/standalone/3.0.7-x86-ruby1.8.7-linux-gcc4.4.5-1002/support/lib/phusion_passenger/classic_rails/application_spawner.rb:181:in `initialize_server'
	from /home/sarang/.passenger/standalone/3.0.7-x86-ruby1.8.7-linux-gcc4.4.5-1002/support/lib/phusion_passenger/utils.rb:572:in `report_app_init_status'
	from /home/sarang/.passenger/standalone/3.0.7-x86-ruby1.8.7-linux-gcc4.4.5-1002/support/lib/phusion_passenger/classic_rails/application_spawner.rb:174:in `initialize_server'
	from /home/sarang/.passenger/standalone/3.0.7-x86-ruby1.8.7-linux-gcc4.4.5-1002/support/lib/phusion_passenger/abstract_server.rb:204:in `start_synchronously'
	from /home/sarang/.passenger/standalone/3.0.7-x86-ruby1.8.7-linux-gcc4.4.5-1002/support/lib/phusion_passenger/abstract_server.rb:180:in `start'
	from /home/sarang/.passenger/standalone/3.0.7-x86-ruby1.8.7-linux-gcc4.4.5-1002/support/lib/phusion_passenger/classic_rails/application_spawner.rb:149:in `start'
	from /home/sarang/.passenger/standalone/3.0.7-x86-ruby1.8.7-linux-gcc4.4.5-1002/support/lib/phusion_passenger/spawn_manager.rb:219:in `spawn_rails_application'
	from /home/sarang/.passenger/standalone/3.0.7-x86-ruby1.8.7-linux-gcc4.4.5-1002/support/lib/phusion_passenger/abstract_server_collection.rb:132:in `lookup_or_add'
	from /home/sarang/.passenger/standalone/3.0.7-x86-ruby1.8.7-linux-gcc4.4.5-1002/support/lib/phusion_passenger/spawn_manager.rb:214:in `spawn_rails_application'
	from /home/sarang/.passenger/standalone/3.0.7-x86-ruby1.8.7-linux-gcc4.4.5-1002/support/lib/phusion_passenger/abstract_server_collection.rb:82:in `synchronize'
	from /home/sarang/.passenger/standalone/3.0.7-x86-ruby1.8.7-linux-gcc4.4.5-1002/support/lib/phusion_passenger/abstract_server_collection.rb:79:in `synchronize'
	from /home/sarang/.passenger/standalone/3.0.7-x86-ruby1.8.7-linux-gcc4.4.5-1002/support/lib/phusion_passenger/spawn_manager.rb:213:in `spawn_rails_application'
	from /home/sarang/.passenger/standalone/3.0.7-x86-ruby1.8.7-linux-gcc4.4.5-1002/support/lib/phusion_passenger/spawn_manager.rb:132:in `spawn_application'
	from /home/sarang/.passenger/standalone/3.0.7-x86-ruby1.8.7-linux-gcc4.4.5-1002/support/lib/phusion_passenger/spawn_manager.rb:275:in `handle_spawn_application'
	from /home/sarang/.passenger/standalone/3.0.7-x86-ruby1.8.7-linux-gcc4.4.5-1002/support/lib/phusion_passenger/abstract_server.rb:357:in `__send__'
	from /home/sarang/.passenger/standalone/3.0.7-x86-ruby1.8.7-linux-gcc4.4.5-1002/support/lib/phusion_passenger/abstract_server.rb:357:in `server_main_loop'
	from /home/sarang/.passenger/standalone/3.0.7-x86-ruby1.8.7-linux-gcc4.4.5-1002/support/lib/phusion_passenger/abstract_server.rb:206:in `start_synchronously'
	from /home/sarang/.passenger/standalone/3.0.7-x86-ruby1.8.7-linux-gcc4.4.5-1002/support/helper-scripts/passenger-spawn-server:99
[ pid=13986 thr=-608446248 file=utils.rb:176 time=2011-04-25 20:10:22.792 ]: *** Exception Gem::Exception in PhusionPassenger::ClassicRails::ApplicationSpawner (can't activate chronic (= 0.2.3), already activated chronic-0.3.0) (process 13986, thread #<Thread:0xb777b1b0>):
	from /home/sarang/prj/central/vendor/rails/railties/lib/rails/gem_dependency.rb:220:in `specification'
	from /home/sarang/prj/central/vendor/rails/railties/lib/rails/gem_dependency.rb:118:in `loaded?'
	from /home/sarang/prj/central/vendor/rails/railties/lib/initializer.rb:285:in `check_gem_dependencies'
	from /home/sarang/prj/central/vendor/rails/railties/lib/initializer.rb:285:in `reject'
	from /home/sarang/prj/central/vendor/rails/railties/lib/initializer.rb:285:in `check_gem_dependencies'
	from /home/sarang/prj/central/vendor/rails/railties/lib/initializer.rb:165:in `process'
	from /home/sarang/prj/central/vendor/rails/railties/lib/initializer.rb:112:in `send'
	from /home/sarang/prj/central/vendor/rails/railties/lib/initializer.rb:112:in `run'
	from /home/sarang/prj/central/config/environment.rb:14
	from /home/sarang/.rvm/rubies/ruby-1.8.7-p334/lib/ruby/site_ruby/1.8/rubygems/custom_require.rb:36:in `gem_original_require'
	from /home/sarang/.rvm/rubies/ruby-1.8.7-p334/lib/ruby/site_ruby/1.8/rubygems/custom_require.rb:36:in `require'
	from /home/sarang/.passenger/standalone/3.0.7-x86-ruby1.8.7-linux-gcc4.4.5-1002/support/lib/phusion_passenger/classic_rails/application_spawner.rb:222:in `preload_application'
	from /home/sarang/.passenger/standalone/3.0.7-x86-ruby1.8.7-linux-gcc4.4.5-1002/support/lib/phusion_passenger/classic_rails/application_spawner.rb:181:in `initialize_server'
	from /home/sarang/.passenger/standalone/3.0.7-x86-ruby1.8.7-linux-gcc4.4.5-1002/support/lib/phusion_passenger/utils.rb:572:in `report_app_init_status'
	from /home/sarang/.passenger/standalone/3.0.7-x86-ruby1.8.7-linux-gcc4.4.5-1002/support/lib/phusion_passenger/classic_rails/application_spawner.rb:174:in `initialize_server'
	from /home/sarang/.passenger/standalone/3.0.7-x86-ruby1.8.7-linux-gcc4.4.5-1002/support/lib/phusion_passenger/abstract_server.rb:204:in `start_synchronously'
	from /home/sarang/.passenger/standalone/3.0.7-x86-ruby1.8.7-linux-gcc4.4.5-1002/support/lib/phusion_passenger/abstract_server.rb:180:in `start'
	from /home/sarang/.passenger/standalone/3.0.7-x86-ruby1.8.7-linux-gcc4.4.5-1002/support/lib/phusion_passenger/classic_rails/application_spawner.rb:149:in `start'
	from /home/sarang/.passenger/standalone/3.0.7-x86-ruby1.8.7-linux-gcc4.4.5-1002/support/lib/phusion_passenger/spawn_manager.rb:219:in `spawn_rails_application'
	from /home/sarang/.passenger/standalone/3.0.7-x86-ruby1.8.7-linux-gcc4.4.5-1002/support/lib/phusion_passenger/abstract_server_collection.rb:132:in `lookup_or_add'
	from /home/sarang/.passenger/standalone/3.0.7-x86-ruby1.8.7-linux-gcc4.4.5-1002/support/lib/phusion_passenger/spawn_manager.rb:214:in `spawn_rails_application'
	from /home/sarang/.passenger/standalone/3.0.7-x86-ruby1.8.7-linux-gcc4.4.5-1002/support/lib/phusion_passenger/abstract_server_collection.rb:82:in `synchronize'
	from /home/sarang/.passenger/standalone/3.0.7-x86-ruby1.8.7-linux-gcc4.4.5-1002/support/lib/phusion_passenger/abstract_server_collection.rb:79:in `synchronize'
	from /home/sarang/.passenger/standalone/3.0.7-x86-ruby1.8.7-linux-gcc4.4.5-1002/support/lib/phusion_passenger/spawn_manager.rb:213:in `spawn_rails_application'
	from /home/sarang/.passenger/standalone/3.0.7-x86-ruby1.8.7-linux-gcc4.4.5-1002/support/lib/phusion_passenger/spawn_manager.rb:132:in `spawn_application'
	from /home/sarang/.passenger/standalone/3.0.7-x86-ruby1.8.7-linux-gcc4.4.5-1002/support/lib/phusion_passenger/spawn_manager.rb:275:in `handle_spawn_application'
	from /home/sarang/.passenger/standalone/3.0.7-x86-ruby1.8.7-linux-gcc4.4.5-1002/support/lib/phusion_passenger/abstract_server.rb:357:in `__send__'
	from /home/sarang/.passenger/standalone/3.0.7-x86-ruby1.8.7-linux-gcc4.4.5-1002/support/lib/phusion_passenger/abstract_server.rb:357:in `server_main_loop'
	from /home/sarang/.passenger/standalone/3.0.7-x86-ruby1.8.7-linux-gcc4.4.5-1002/support/lib/phusion_passenger/abstract_server.rb:206:in `start_synchronously'
	from /home/sarang/.passenger/standalone/3.0.7-x86-ruby1.8.7-linux-gcc4.4.5-1002/support/helper-scripts/passenger-spawn-server:99
[ pid=13984 thr=3068947312 file=ext/nginx/HelperAgent.cpp:584 time=2011-04-25 20:10:22.897 ]: Uncaught exception in PassengerServer client thread:
   exception: write() failed: Broken pipe (32)
   backtrace:
     in 'void Client::handleRequest(Passenger::FileDescriptor&)' (HelperAgent.cpp:479)
     in 'void Client::threadMain()' (HelperAgent.cpp:603)

[ pid=13986 thr=-608446248 file=utils.rb:176 time=2011-04-25 20:10:24.181 ]: *** Exception Gem::Exception in PhusionPassenger::ClassicRails::ApplicationSpawner (can't activate chronic (= 0.2.3), already activated chronic-0.3.0) (process 13986, thread #<Thread:0xb777b1b0>):
	from /home/sarang/prj/central/vendor/rails/railties/lib/rails/gem_dependency.rb:220:in `specification'
	from /home/sarang/prj/central/vendor/rails/railties/lib/rails/gem_dependency.rb:118:in `loaded?'
	from /home/sarang/prj/central/vendor/rails/railties/lib/initializer.rb:285:in `check_gem_dependencies'
	from /home/sarang/prj/central/vendor/rails/railties/lib/initializer.rb:285:in `reject'
	from /home/sarang/prj/central/vendor/rails/railties/lib/initializer.rb:285:in `check_gem_dependencies'
	from /home/sarang/prj/central/vendor/rails/railties/lib/initializer.rb:165:in `process'
	from /home/sarang/prj/central/vendor/rails/railties/lib/initializer.rb:112:in `send'
	from /home/sarang/prj/central/vendor/rails/railties/lib/initializer.rb:112:in `run'
	from /home/sarang/prj/central/config/environment.rb:14
	from /home/sarang/.rvm/rubies/ruby-1.8.7-p334/lib/ruby/site_ruby/1.8/rubygems/custom_require.rb:36:in `gem_original_require'
	from /home/sarang/.rvm/rubies/ruby-1.8.7-p334/lib/ruby/site_ruby/1.8/rubygems/custom_require.rb:36:in `require'
	from /home/sarang/.passenger/standalone/3.0.7-x86-ruby1.8.7-linux-gcc4.4.5-1002/support/lib/phusion_passenger/classic_rails/application_spawner.rb:222:in `preload_application'
	from /home/sarang/.passenger/standalone/3.0.7-x86-ruby1.8.7-linux-gcc4.4.5-1002/support/lib/phusion_passenger/classic_rails/application_spawner.rb:181:in `initialize_server'
	from /home/sarang/.passenger/standalone/3.0.7-x86-ruby1.8.7-linux-gcc4.4.5-1002/support/lib/phusion_passenger/utils.rb:572:in `report_app_init_status'
	from /home/sarang/.passenger/standalone/3.0.7-x86-ruby1.8.7-linux-gcc4.4.5-1002/support/lib/phusion_passenger/classic_rails/application_spawner.rb:174:in `initialize_server'
	from /home/sarang/.passenger/standalone/3.0.7-x86-ruby1.8.7-linux-gcc4.4.5-1002/support/lib/phusion_passenger/abstract_server.rb:204:in `start_synchronously'
	from /home/sarang/.passenger/standalone/3.0.7-x86-ruby1.8.7-linux-gcc4.4.5-1002/support/lib/phusion_passenger/abstract_server.rb:180:in `start'
	from /home/sarang/.passenger/standalone/3.0.7-x86-ruby1.8.7-linux-gcc4.4.5-1002/support/lib/phusion_passenger/classic_rails/application_spawner.rb:149:in `start'
	from /home/sarang/.passenger/standalone/3.0.7-x86-ruby1.8.7-linux-gcc4.4.5-1002/support/lib/phusion_passenger/spawn_manager.rb:219:in `spawn_rails_application'
	from /home/sarang/.passenger/standalone/3.0.7-x86-ruby1.8.7-linux-gcc4.4.5-1002/support/lib/phusion_passenger/abstract_server_collection.rb:132:in `lookup_or_add'
	from /home/sarang/.passenger/standalone/3.0.7-x86-ruby1.8.7-linux-gcc4.4.5-1002/support/lib/phusion_passenger/spawn_manager.rb:214:in `spawn_rails_application'
	from /home/sarang/.passenger/standalone/3.0.7-x86-ruby1.8.7-linux-gcc4.4.5-1002/support/lib/phusion_passenger/abstract_server_collection.rb:82:in `synchronize'
	from /home/sarang/.passenger/standalone/3.0.7-x86-ruby1.8.7-linux-gcc4.4.5-1002/support/lib/phusion_passenger/abstract_server_collection.rb:79:in `synchronize'
	from /home/sarang/.passenger/standalone/3.0.7-x86-ruby1.8.7-linux-gcc4.4.5-1002/support/lib/phusion_passenger/spawn_manager.rb:213:in `spawn_rails_application'
	from /home/sarang/.passenger/standalone/3.0.7-x86-ruby1.8.7-linux-gcc4.4.5-1002/support/lib/phusion_passenger/spawn_manager.rb:132:in `spawn_application'
	from /home/sarang/.passenger/standalone/3.0.7-x86-ruby1.8.7-linux-gcc4.4.5-1002/support/lib/phusion_passenger/spawn_manager.rb:275:in `handle_spawn_application'
	from /home/sarang/.passenger/standalone/3.0.7-x86-ruby1.8.7-linux-gcc4.4.5-1002/support/lib/phusion_passenger/abstract_server.rb:357:in `__send__'
	from /home/sarang/.passenger/standalone/3.0.7-x86-ruby1.8.7-linux-gcc4.4.5-1002/support/lib/phusion_passenger/abstract_server.rb:357:in `server_main_loop'
	from /home/sarang/.passenger/standalone/3.0.7-x86-ruby1.8.7-linux-gcc4.4.5-1002/support/lib/phusion_passenger/abstract_server.rb:206:in `start_synchronously'
	from /home/sarang/.passenger/standalone/3.0.7-x86-ruby1.8.7-linux-gcc4.4.5-1002/support/helper-scripts/passenger-spawn-server:99
[ pid=14058 thr=-608081698 file=utils.rb:176 time=2011-04-25 20:12:14.796 ]: *** Exception NoMethodError in PhusionPassenger::ClassicRails::ApplicationSpawner (undefined method `version_requirements' for #<Gem::Dependency:0xb767b4f4>) (process 14058, thread #<Thread:0xb782d1bc>):
	from /home/sarang/prj/central/vendor/rails/railties/lib/rails/gem_dependency.rb:106:in `requirement'
	from /home/sarang/prj/central/vendor/rails/railties/lib/initializer.rb:292:in `check_gem_dependencies'
	from /home/sarang/prj/central/vendor/rails/railties/lib/initializer.rb:292:in `map'
	from /home/sarang/prj/central/vendor/rails/railties/lib/initializer.rb:292:in `check_gem_dependencies'
	from /home/sarang/prj/central/vendor/rails/railties/lib/initializer.rb:165:in `process'
	from /home/sarang/prj/central/vendor/rails/railties/lib/initializer.rb:112:in `send'
	from /home/sarang/prj/central/vendor/rails/railties/lib/initializer.rb:112:in `run'
	from /home/sarang/prj/central/config/environment.rb:14
	from /home/sarang/.rvm/rubies/ruby-1.8.7-p334/lib/ruby/site_ruby/1.8/rubygems/custom_require.rb:36:in `gem_original_require'
	from /home/sarang/.rvm/rubies/ruby-1.8.7-p334/lib/ruby/site_ruby/1.8/rubygems/custom_require.rb:36:in `require'
	from /home/sarang/.passenger/standalone/3.0.7-x86-ruby1.8.7-linux-gcc4.4.5-1002/support/lib/phusion_passenger/classic_rails/application_spawner.rb:222:in `preload_application'
	from /home/sarang/.passenger/standalone/3.0.7-x86-ruby1.8.7-linux-gcc4.4.5-1002/support/lib/phusion_passenger/classic_rails/application_spawner.rb:181:in `initialize_server'
	from /home/sarang/.passenger/standalone/3.0.7-x86-ruby1.8.7-linux-gcc4.4.5-1002/support/lib/phusion_passenger/utils.rb:572:in `report_app_init_status'
	from /home/sarang/.passenger/standalone/3.0.7-x86-ruby1.8.7-linux-gcc4.4.5-1002/support/lib/phusion_passenger/classic_rails/application_spawner.rb:174:in `initialize_server'
	from /home/sarang/.passenger/standalone/3.0.7-x86-ruby1.8.7-linux-gcc4.4.5-1002/support/lib/phusion_passenger/abstract_server.rb:204:in `start_synchronously'
	from /home/sarang/.passenger/standalone/3.0.7-x86-ruby1.8.7-linux-gcc4.4.5-1002/support/lib/phusion_passenger/abstract_server.rb:180:in `start'
	from /home/sarang/.passenger/standalone/3.0.7-x86-ruby1.8.7-linux-gcc4.4.5-1002/support/lib/phusion_passenger/classic_rails/application_spawner.rb:149:in `start'
	from /home/sarang/.passenger/standalone/3.0.7-x86-ruby1.8.7-linux-gcc4.4.5-1002/support/lib/phusion_passenger/spawn_manager.rb:219:in `spawn_rails_application'
	from /home/sarang/.passenger/standalone/3.0.7-x86-ruby1.8.7-linux-gcc4.4.5-1002/support/lib/phusion_passenger/abstract_server_collection.rb:132:in `lookup_or_add'
	from /home/sarang/.passenger/standalone/3.0.7-x86-ruby1.8.7-linux-gcc4.4.5-1002/support/lib/phusion_passenger/spawn_manager.rb:214:in `spawn_rails_application'
	from /home/sarang/.passenger/standalone/3.0.7-x86-ruby1.8.7-linux-gcc4.4.5-1002/support/lib/phusion_passenger/abstract_server_collection.rb:82:in `synchronize'
	from /home/sarang/.passenger/standalone/3.0.7-x86-ruby1.8.7-linux-gcc4.4.5-1002/support/lib/phusion_passenger/abstract_server_collection.rb:79:in `synchronize'
	from /home/sarang/.passenger/standalone/3.0.7-x86-ruby1.8.7-linux-gcc4.4.5-1002/support/lib/phusion_passenger/spawn_manager.rb:213:in `spawn_rails_application'
	from /home/sarang/.passenger/standalone/3.0.7-x86-ruby1.8.7-linux-gcc4.4.5-1002/support/lib/phusion_passenger/spawn_manager.rb:132:in `spawn_application'
	from /home/sarang/.passenger/standalone/3.0.7-x86-ruby1.8.7-linux-gcc4.4.5-1002/support/lib/phusion_passenger/spawn_manager.rb:275:in `handle_spawn_application'
	from /home/sarang/.passenger/standalone/3.0.7-x86-ruby1.8.7-linux-gcc4.4.5-1002/support/lib/phusion_passenger/abstract_server.rb:357:in `__send__'
	from /home/sarang/.passenger/standalone/3.0.7-x86-ruby1.8.7-linux-gcc4.4.5-1002/support/lib/phusion_passenger/abstract_server.rb:357:in `server_main_loop'
	from /home/sarang/.passenger/standalone/3.0.7-x86-ruby1.8.7-linux-gcc4.4.5-1002/support/lib/phusion_passenger/abstract_server.rb:206:in `start_synchronously'
	from /home/sarang/.passenger/standalone/3.0.7-x86-ruby1.8.7-linux-gcc4.4.5-1002/support/helper-scripts/passenger-spawn-server:99
[ pid=14056 thr=3069234032 file=ext/nginx/HelperAgent.cpp:584 time=2011-04-25 20:12:14.901 ]: Uncaught exception in PassengerServer client thread:
   exception: write() failed: Broken pipe (32)
   backtrace:
     in 'void Client::handleRequest(Passenger::FileDescriptor&)' (HelperAgent.cpp:479)
     in 'void Client::threadMain()' (HelperAgent.cpp:603)

[ pid=14058 thr=-608081698 file=utils.rb:176 time=2011-04-25 20:12:15.786 ]: *** Exception NoMethodError in PhusionPassenger::ClassicRails::ApplicationSpawner (undefined method `version_requirements' for #<Gem::Dependency:0xb763a5f8>) (process 14058, thread #<Thread:0xb782d1bc>):
	from /home/sarang/prj/central/vendor/rails/railties/lib/rails/gem_dependency.rb:106:in `requirement'
	from /home/sarang/prj/central/vendor/rails/railties/lib/initializer.rb:292:in `check_gem_dependencies'
	from /home/sarang/prj/central/vendor/rails/railties/lib/initializer.rb:292:in `map'
	from /home/sarang/prj/central/vendor/rails/railties/lib/initializer.rb:292:in `check_gem_dependencies'
	from /home/sarang/prj/central/vendor/rails/railties/lib/initializer.rb:165:in `process'
	from /home/sarang/prj/central/vendor/rails/railties/lib/initializer.rb:112:in `send'
	from /home/sarang/prj/central/vendor/rails/railties/lib/initializer.rb:112:in `run'
	from /home/sarang/prj/central/config/environment.rb:14
	from /home/sarang/.rvm/rubies/ruby-1.8.7-p334/lib/ruby/site_ruby/1.8/rubygems/custom_require.rb:36:in `gem_original_require'
	from /home/sarang/.rvm/rubies/ruby-1.8.7-p334/lib/ruby/site_ruby/1.8/rubygems/custom_require.rb:36:in `require'
	from /home/sarang/.passenger/standalone/3.0.7-x86-ruby1.8.7-linux-gcc4.4.5-1002/support/lib/phusion_passenger/classic_rails/application_spawner.rb:222:in `preload_application'
	from /home/sarang/.passenger/standalone/3.0.7-x86-ruby1.8.7-linux-gcc4.4.5-1002/support/lib/phusion_passenger/classic_rails/application_spawner.rb:181:in `initialize_server'
	from /home/sarang/.passenger/standalone/3.0.7-x86-ruby1.8.7-linux-gcc4.4.5-1002/support/lib/phusion_passenger/utils.rb:572:in `report_app_init_status'
	from /home/sarang/.passenger/standalone/3.0.7-x86-ruby1.8.7-linux-gcc4.4.5-1002/support/lib/phusion_passenger/classic_rails/application_spawner.rb:174:in `initialize_server'
	from /home/sarang/.passenger/standalone/3.0.7-x86-ruby1.8.7-linux-gcc4.4.5-1002/support/lib/phusion_passenger/abstract_server.rb:204:in `start_synchronously'
	from /home/sarang/.passenger/standalone/3.0.7-x86-ruby1.8.7-linux-gcc4.4.5-1002/support/lib/phusion_passenger/abstract_server.rb:180:in `start'
	from /home/sarang/.passenger/standalone/3.0.7-x86-ruby1.8.7-linux-gcc4.4.5-1002/support/lib/phusion_passenger/classic_rails/application_spawner.rb:149:in `start'
	from /home/sarang/.passenger/standalone/3.0.7-x86-ruby1.8.7-linux-gcc4.4.5-1002/support/lib/phusion_passenger/spawn_manager.rb:219:in `spawn_rails_application'
	from /home/sarang/.passenger/standalone/3.0.7-x86-ruby1.8.7-linux-gcc4.4.5-1002/support/lib/phusion_passenger/abstract_server_collection.rb:132:in `lookup_or_add'
	from /home/sarang/.passenger/standalone/3.0.7-x86-ruby1.8.7-linux-gcc4.4.5-1002/support/lib/phusion_passenger/spawn_manager.rb:214:in `spawn_rails_application'
	from /home/sarang/.passenger/standalone/3.0.7-x86-ruby1.8.7-linux-gcc4.4.5-1002/support/lib/phusion_passenger/abstract_server_collection.rb:82:in `synchronize'
	from /home/sarang/.passenger/standalone/3.0.7-x86-ruby1.8.7-linux-gcc4.4.5-1002/support/lib/phusion_passenger/abstract_server_collection.rb:79:in `synchronize'
	from /home/sarang/.passenger/standalone/3.0.7-x86-ruby1.8.7-linux-gcc4.4.5-1002/support/lib/phusion_passenger/spawn_manager.rb:213:in `spawn_rails_application'
	from /home/sarang/.passenger/standalone/3.0.7-x86-ruby1.8.7-linux-gcc4.4.5-1002/support/lib/phusion_passenger/spawn_manager.rb:132:in `spawn_application'
	from /home/sarang/.passenger/standalone/3.0.7-x86-ruby1.8.7-linux-gcc4.4.5-1002/support/lib/phusion_passenger/spawn_manager.rb:275:in `handle_spawn_application'
	from /home/sarang/.passenger/standalone/3.0.7-x86-ruby1.8.7-linux-gcc4.4.5-1002/support/lib/phusion_passenger/abstract_server.rb:357:in `__send__'
	from /home/sarang/.passenger/standalone/3.0.7-x86-ruby1.8.7-linux-gcc4.4.5-1002/support/lib/phusion_passenger/abstract_server.rb:357:in `server_main_loop'
	from /home/sarang/.passenger/standalone/3.0.7-x86-ruby1.8.7-linux-gcc4.4.5-1002/support/lib/phusion_passenger/abstract_server.rb:206:in `start_synchronously'
	from /home/sarang/.passenger/standalone/3.0.7-x86-ruby1.8.7-linux-gcc4.4.5-1002/support/helper-scripts/passenger-spawn-server:99
[ pid=14058 thr=-608081698 file=utils.rb:176 time=2011-04-25 20:29:58.136 ]: *** Exception NoMethodError in PhusionPassenger::ClassicRails::ApplicationSpawner (undefined method `version_requirements' for #<Gem::Dependency:0xb762fbbc>) (process 14058, thread #<Thread:0xb782d1bc>):
	from /home/sarang/prj/central/vendor/rails/railties/lib/rails/gem_dependency.rb:106:in `requirement'
	from /home/sarang/prj/central/vendor/rails/railties/lib/initializer.rb:292:in `check_gem_dependencies'
	from /home/sarang/prj/central/vendor/rails/railties/lib/initializer.rb:292:in `map'
	from /home/sarang/prj/central/vendor/rails/railties/lib/initializer.rb:292:in `check_gem_dependencies'
	from /home/sarang/prj/central/vendor/rails/railties/lib/initializer.rb:165:in `process'
	from /home/sarang/prj/central/vendor/rails/railties/lib/initializer.rb:112:in `send'
	from /home/sarang/prj/central/vendor/rails/railties/lib/initializer.rb:112:in `run'
	from /home/sarang/prj/central/config/environment.rb:14
	from /home/sarang/.rvm/rubies/ruby-1.8.7-p334/lib/ruby/site_ruby/1.8/rubygems/custom_require.rb:36:in `gem_original_require'
	from /home/sarang/.rvm/rubies/ruby-1.8.7-p334/lib/ruby/site_ruby/1.8/rubygems/custom_require.rb:36:in `require'
	from /home/sarang/.passenger/standalone/3.0.7-x86-ruby1.8.7-linux-gcc4.4.5-1002/support/lib/phusion_passenger/classic_rails/application_spawner.rb:222:in `preload_application'
	from /home/sarang/.passenger/standalone/3.0.7-x86-ruby1.8.7-linux-gcc4.4.5-1002/support/lib/phusion_passenger/classic_rails/application_spawner.rb:181:in `initialize_server'
	from /home/sarang/.passenger/standalone/3.0.7-x86-ruby1.8.7-linux-gcc4.4.5-1002/support/lib/phusion_passenger/utils.rb:572:in `report_app_init_status'
	from /home/sarang/.passenger/standalone/3.0.7-x86-ruby1.8.7-linux-gcc4.4.5-1002/support/lib/phusion_passenger/classic_rails/application_spawner.rb:174:in `initialize_server'
	from /home/sarang/.passenger/standalone/3.0.7-x86-ruby1.8.7-linux-gcc4.4.5-1002/support/lib/phusion_passenger/abstract_server.rb:204:in `start_synchronously'
	from /home/sarang/.passenger/standalone/3.0.7-x86-ruby1.8.7-linux-gcc4.4.5-1002/support/lib/phusion_passenger/abstract_server.rb:180:in `start'
	from /home/sarang/.passenger/standalone/3.0.7-x86-ruby1.8.7-linux-gcc4.4.5-1002/support/lib/phusion_passenger/classic_rails/application_spawner.rb:149:in `start'
	from /home/sarang/.passenger/standalone/3.0.7-x86-ruby1.8.7-linux-gcc4.4.5-1002/support/lib/phusion_passenger/spawn_manager.rb:219:in `spawn_rails_application'
	from /home/sarang/.passenger/standalone/3.0.7-x86-ruby1.8.7-linux-gcc4.4.5-1002/support/lib/phusion_passenger/abstract_server_collection.rb:132:in `lookup_or_add'
	from /home/sarang/.passenger/standalone/3.0.7-x86-ruby1.8.7-linux-gcc4.4.5-1002/support/lib/phusion_passenger/spawn_manager.rb:214:in `spawn_rails_application'
	from /home/sarang/.passenger/standalone/3.0.7-x86-ruby1.8.7-linux-gcc4.4.5-1002/support/lib/phusion_passenger/abstract_server_collection.rb:82:in `synchronize'
	from /home/sarang/.passenger/standalone/3.0.7-x86-ruby1.8.7-linux-gcc4.4.5-1002/support/lib/phusion_passenger/abstract_server_collection.rb:79:in `synchronize'
	from /home/sarang/.passenger/standalone/3.0.7-x86-ruby1.8.7-linux-gcc4.4.5-1002/support/lib/phusion_passenger/spawn_manager.rb:213:in `spawn_rails_application'
	from /home/sarang/.passenger/standalone/3.0.7-x86-ruby1.8.7-linux-gcc4.4.5-1002/support/lib/phusion_passenger/spawn_manager.rb:132:in `spawn_application'
	from /home/sarang/.passenger/standalone/3.0.7-x86-ruby1.8.7-linux-gcc4.4.5-1002/support/lib/phusion_passenger/spawn_manager.rb:275:in `handle_spawn_application'
	from /home/sarang/.passenger/standalone/3.0.7-x86-ruby1.8.7-linux-gcc4.4.5-1002/support/lib/phusion_passenger/abstract_server.rb:357:in `__send__'
	from /home/sarang/.passenger/standalone/3.0.7-x86-ruby1.8.7-linux-gcc4.4.5-1002/support/lib/phusion_passenger/abstract_server.rb:357:in `server_main_loop'
	from /home/sarang/.passenger/standalone/3.0.7-x86-ruby1.8.7-linux-gcc4.4.5-1002/support/lib/phusion_passenger/abstract_server.rb:206:in `start_synchronously'
	from /home/sarang/.passenger/standalone/3.0.7-x86-ruby1.8.7-linux-gcc4.4.5-1002/support/helper-scripts/passenger-spawn-server:99
