[Tue Sep  1 05:46:57.204 2009] 0.036 sec [ext/1/rel 3 (0,20)] [main] mike
[Tue Sep  1 05:47:07.085 2009] 0.028 sec [ext/1/rel 1 (0,20)] [main] kevin
[Tue Sep  1 05:47:21.850 2009] 0.000 sec [ext/2/rel 1 (0,20)] [main] kevin
[Tue Sep  1 05:47:37.995 2009] 0.152 sec [ext/1/rel 4 (0,20)] [main] gold
[Tue Sep  1 15:09:23.316 2009] 0.228 sec [ext/1/rel 4 (0,20)] [main] kirkwood
[Tue Sep  1 15:09:46.065 2009] 0.196 sec [ext/1/rel 1 (0,20)] [main] Kevin Kirkwood
[Sun Sep 13 05:51:43.747 2009] 0.008 sec [ext/2/rel 0 (0,20)] [main] test
[Sun Sep 13 05:52:12.021 2009] 0.000 sec [ext/2/rel 1 (0,20)] [main] Lorem
[Sun Sep 13 05:53:28.845 2009] 0.000 sec [ext/1/rel 21 (0,20)] [main] lorem
[Sun Sep 13 05:53:34.701 2009] 0.000 sec [ext/1/rel 21 (0,20)] [main] Lorem
[Sun Sep 13 05:53:37.046 2009] 0.000 sec [ext/1/rel 5 (0,20)] [main] test
[Sun Sep 13 17:21:25.509 2009] 0.000 sec [ext/1/rel 4 (0,20)] [main] kirkwood
[Sun Sep 13 17:21:33.858 2009] 0.000 sec [ext/2/rel 1 (0,20)] [main] kevin
[Sun Sep 13 17:21:43.710 2009] 0.004 sec [ext/1/rel 4 (0,20)] [main] gold
[Sun Sep 13 17:31:25.387 2009] 0.000 sec [ext/1/rel 4 (0,20)] [main] gold
[Thu Sep 17 02:14:58.191 2009] 0.016 sec [ext/1/rel 4 (0,20)] [main] kirkwood
[Thu Sep 17 02:15:09.612 2009] 0.000 sec [ext/1/rel 3 (0,20)] [main] mike
[Thu Sep 17 02:15:29.565 2009] 0.004 sec [ext/2/rel 4 (0,20)] [main] hey
[Thu Sep 17 02:15:48.202 2009] 0.000 sec [ext/1/rel 5 (0,20)] [main] test
[Thu Sep 17 02:15:59.579 2009] 0.000 sec [ext/1/rel 4 (0,20)] [main] gold
[Thu Sep 17 05:13:30.581 2009] 0.000 sec [ext/1/rel 4 (0,20)] [main] kirkwood
[Thu Sep 17 05:20:22.121 2009] 0.000 sec [ext/1/rel 4 (0,20)] [main] kirkwood
[Thu Sep 17 16:08:19.339 2009] 0.000 sec [ext/1/rel 4 (0,20)] [main] kirkwood
[Thu Sep 17 20:28:01.145 2009] 0.000 sec [ext/1/rel 4 (0,20)] [main] kirkwood
[Sat Sep 19 23:36:56.540 2009] 0.000 sec [ext/1/rel 3 (0,20)] [main] mike
[Sat Sep 19 23:37:01.933 2009] 0.000 sec [ext/1/rel 1 (0,20)] [main] ye
[Sat Sep 19 23:37:07.133 2009] 0.000 sec [ext/1/rel 1 (0,20)] [main] kevin
[Sat Sep 19 23:37:12.801 2009] 0.000 sec [ext/1/rel 4 (0,20)] [main] kirkwood
[Sat Sep 19 23:37:23.730 2009] 0.000 sec [ext/1/rel 4 (0,20)] [main] shawn
[Sat Sep 19 23:37:30.550 2009] 0.000 sec [ext/1/rel 1 (0,20)] [main] chris
[Sat Sep 19 23:37:36.483 2009] 0.000 sec [ext/1/rel 0 (0,20)] [main] kelly
[Sat Sep 19 23:37:42.067 2009] 0.000 sec [ext/1/rel 1 (0,20)] [main] eugene
[Sat Sep 19 23:40:53.734 2009] 0.000 sec [ext/1/rel 3 (0,20)] [main] johnson
[Sat Sep 19 23:42:59.573 2009] 0.004 sec [ext/1/rel 4 (0,20)] [main] kirkwood
[Sat Sep 19 23:43:06.213 2009] 0.000 sec [ext/1/rel 1 (0,20)] [main] ye
[Sun Sep 20 20:59:48.084 2009] 0.000 sec [ext/1/rel 4 (0,20)] [main] kirkwood
[Sun Sep 20 20:59:54.404 2009] 0.000 sec [ext/2/rel 0 (0,20)] [main] gold
[Sun Sep 20 21:00:06.084 2009] 0.000 sec [ext/2/rel 1 (0,20)] [main] kevin
[Sun Sep 20 23:28:05.525 2009] 0.000 sec [ext/1/rel 4 (0,20)] [main] kirkwood
[Sun Sep 20 23:30:26.889 2009] 0.000 sec [ext/1/rel 1 (0,20)] [main] kevin kirkwood
[Mon Sep 21 00:07:53.783 2009] 0.004 sec [ext/1/rel 5 (0,20)] [main] TEST
[Mon Sep 21 00:07:59.128 2009] 0.000 sec [ext/1/rel 5 (0,20)] [main] TEST
[Mon Sep 21 00:08:03.636 2009] 0.000 sec [ext/1/rel 5 (0,20)] [main] TEST
[Mon Sep 21 00:08:13.713 2009] 0.000 sec [ext/1/rel 2 (0,20)] [main] AIJIA
[Mon Sep 21 00:08:22.313 2009] 0.000 sec [ext/1/rel 1 (0,20)] [main] bridget
[Mon Sep 21 00:08:27.837 2009] 0.000 sec [ext/1/rel 0 (0,20)] [main] kelly
[Mon Sep 21 00:08:33.306 2009] 0.000 sec [ext/1/rel 1 (0,20)] [main] chris
[Mon Sep 21 13:55:25.066 2009] 0.000 sec [ext/1/rel 4 (0,20)] [main] kirkwood
[Mon Sep 21 14:19:45.299 2009] 0.004 sec [ext/2/rel 0 (0,20)] [main] kirkwood
[Mon Sep 21 14:20:00.944 2009] 0.000 sec [ext/1/rel 4 (0,20)] [main] kirkwood
[Mon Sep 21 14:20:10.144 2009] 0.000 sec [ext/2/rel 0 (0,20)] [main] kirkwood
[Mon Sep 21 14:20:17.245 2009] 0.000 sec [ext/2/rel 1 (0,20)] [main] Kevin
[Mon Sep 21 14:20:38.398 2009] 0.000 sec [ext/1/rel 0 (0,20)] [main] Mik
[Mon Sep 21 14:20:43.318 2009] 0.000 sec [ext/1/rel 3 (0,20)] [main] Mike
[Mon Sep 21 14:20:50.287 2009] 0.000 sec [ext/1/rel 4 (0,20)] [main] kirkwood
[Mon Sep 21 14:20:58.063 2009] 0.000 sec [ext/2/rel 2 (0,20)] [main] how are you
[Mon Sep 21 16:22:12.979 2009] 0.000 sec [ext/1/rel 4 (0,20)] [main] Kirkwood
[Mon Sep 21 16:36:54.465 2009] 0.000 sec [ext/2/rel 0 (0,20)] [main] kirkwood
[Mon Sep 21 16:39:06.909 2009] 0.000 sec [ext/2/rel 0 (0,20)] [main] checking in
[Mon Sep 21 16:39:11.793 2009] 0.000 sec [ext/2/rel 0 (0,20)] [main] checking in
[Mon Sep 21 16:39:25.878 2009] 0.000 sec [ext/2/rel 0 (0,20)] [main] Kevin Kirkwood
[Mon Sep 21 16:39:43.087 2009] 0.000 sec [ext/2/rel 8 (0,20)] [main] Hey
[Mon Sep 21 16:40:00.328 2009] 0.000 sec [ext/2/rel 1 (0,20)] [main] checking
[Mon Sep 21 16:40:32.494 2009] 0.000 sec [ext/2/rel 0 (0,20)] [main] Kevin Kirkwood
[Mon Sep 21 16:40:40.218 2009] 0.000 sec [ext/2/rel 1 (0,20)] [main] Kevin
[Tue Sep 22 01:05:55.534 2009] 0.004 sec [ext/1/rel 4 (0,20)] [main] kirkwood
[Tue Sep 22 01:06:13.659 2009] 0.000 sec [ext/1/rel 1 (0,20)] [main] kevin
[Tue Sep 22 01:06:27.083 2009] 0.000 sec [ext/1/rel 4 (0,20)] [main] kirkwood
[Sat Sep 26 20:20:32.104 2009] 0.000 sec [ext/1/rel 4 (0,20)] [main] kirkwood
[Sun Sep 27 20:46:52.954 2009] 0.000 sec [ext/2/rel 1 (0,20)] [main] mike
[Sun Sep 27 20:47:00.298 2009] 0.004 sec [ext/2/rel 4 (0,20)] [main] hey
[Sun Sep 27 20:47:08.687 2009] 0.000 sec [ext/2/rel 0 (0,20)] [main] gene
[Sun Sep 27 20:47:14.539 2009] 0.004 sec [ext/2/rel 1 (0,20)] [main] shawn
[Sun Sep 27 20:47:35.744 2009] 0.000 sec [ext/2/rel 0 (0,20)] [main] dasha
[Sun Sep 27 20:47:43.861 2009] 0.000 sec [ext/2/rel 0 (0,20)] [main] aijia
[Sun Sep 27 20:47:49.205 2009] 0.000 sec [ext/2/rel 0 (0,20)] [main] chris
[Sun Sep 27 20:47:55.917 2009] 0.004 sec [ext/2/rel 1 (0,20)] [main] mike
[Mon Sep 28 19:44:53.842 2009] 0.000 sec [ext/1/rel 4 (0,20)] [main] kirkwood
[Mon Sep 28 19:45:00.362 2009] 0.000 sec [ext/1/rel 4 (0,20)] [main] kirkwood
[Mon Sep 28 19:45:02.638 2009] 0.000 sec [ext/1/rel 4 (0,20)] [main] kirkwood
[Tue Sep 29 19:20:49.487 2009] 0.000 sec [ext/1/rel 4 (0,20)] [main] kirkwood
[Thu Oct  1 22:50:35.499 2009] 0.000 sec [ext/1/rel 4 (0,20)] [main] kirkwood
[Thu Oct  1 22:50:40.996 2009] 0.000 sec [ext/1/rel 1 (0,20)] [main] ye
[Thu Oct  1 22:50:50.424 2009] 0.000 sec [ext/1/rel 1 (0,20)] [main] dasha
[Thu Oct  1 22:50:57.533 2009] 0.000 sec [ext/1/rel 3 (0,20)] [main] mike
[Thu Oct  1 22:51:05.841 2009] 0.000 sec [ext/1/rel 4 (0,20)] [main] shawn
[Thu Oct  1 22:57:34.199 2009] 0.000 sec [ext/1/rel 1 (0,20)] [main] kevin
[Sat Oct  3 17:22:29.049 2009] 0.000 sec [ext/1/rel 4 (0,20)] [main] kirkwood
[Wed Oct  7 01:45:58.993 2009] 0.000 sec [ext/1/rel 4 (0,20)] [main] kirkwood
[Fri Oct  9 00:40:59.411 2009] 0.000 sec [ext/2/rel 0 (0,20)] [main] kirkwood
[Fri Oct  9 00:41:17.304 2009] 0.000 sec [ext/1/rel 4 (0,20)] [main] kirkwood
[Sat May 14 15:11:52.006 2011] 0.000 sec [ext/1/rel 0 (0,20)] [main] Bratish
[Sat May 14 15:11:56.461 2011] 0.000 sec [ext/1/rel 0 (0,20)] [main] Bratish
[Sat May 14 15:12:13.898 2011] 0.000 sec [ext/1/rel 0 (0,20)] [main] b
[Sat May 14 15:17:06.107 2011] 0.000 sec [ext/1/rel 0 (0,20)] [main] b
[Sat May 14 15:17:17.705 2011] 0.000 sec [ext/1/rel 0 (0,20)] [main] b
[Sat May 14 15:17:45.084 2011] 0.000 sec [ext/2/rel 0 (0,20)] [main] a
[Sat May 14 15:19:21.571 2011] 0.000 sec [ext/2/rel 0 (0,20)] [main] a
[Sat May 14 15:24:14.756 2011] 0.007 sec [ext/2/rel 0 (0,20)] [main] admin
[Sat May 14 15:24:30.589 2011] 0.000 sec [ext/1/rel 1 (0,20)] [main] admin
[Sat May 14 15:26:03.553 2011] 0.000 sec [ext/1/rel 0 (0,20)] [main] a
[Sat May 14 15:27:34.122 2011] 0.000 sec [ext/1/rel 0 (0,20)] [main] a
[Sat May 14 15:27:41.200 2011] 0.000 sec [ext/1/rel 0 (0,20)] [main] ad
[Sat May 14 15:27:45.285 2011] 0.000 sec [ext/1/rel 0 (0,20)] [main] adm
[Sat May 14 15:27:49.976 2011] 0.000 sec [ext/1/rel 0 (0,20)] [main] admi
[Sat May 14 15:27:54.081 2011] 0.000 sec [ext/1/rel 1 (0,20)] [main] admin
[Sat May 14 15:28:41.271 2011] 0.000 sec [ext/1/rel 5 (0,20)] [main] a*
[Sat May 14 15:50:04.943 2011] 0.000 sec [ext/1/rel 5 (0,20)] [main] a*
[Sat May 14 17:05:09.573 2011] 0.000 sec [ext/1/rel 5 (0,20)] [main] a*
